<?xml version="1.0" encoding="UTF-8"?>
<!-- Generated by org.testng.reporters.JUnitXMLReporter -->
<testsuite hostname="hp-PC" name="Test" tests="1" failures="1" timestamp="20 Dec 2014 08:05:05 GMT" time="65.665" errors="0">
  <testcase name="loginToDummyTest" time="10.858" classname="com.uiautomation.testscripts.LoginTest">
    <failure type="java.lang.AssertionError" message="expected [barawar] but found [billu]">
      <![CDATA[java.lang.AssertionError: expected [barawar] but found [billu]
	at com.uiautomation.testscripts.LoginTest.loginToDummyTest(LoginTest.java:23)
... Removed 29 stack frames]]>
    </failure>
  </testcase> <!-- loginToDummyTest -->
</testsuite> <!-- Test -->
