<?xml version="1.0" encoding="UTF-8"?>
<testng-results skipped="1" failed="0" total="1" passed="0">
  <reporter-output>
  </reporter-output>
  <suite name="Suite" duration-ms="69236" started-at="2014-12-16T02:01:23Z" finished-at="2014-12-16T02:02:32Z">
    <groups>
    </groups>
    <test name="Test" duration-ms="69236" started-at="2014-12-16T02:01:23Z" finished-at="2014-12-16T02:02:32Z">
      <class name="com.uiautomation.testscripts.LoginTest">
        <test-method status="FAIL" signature="Setup()[pri:0, instance:com.uiautomation.testscripts.LoginTest@11d5566]" name="Setup" is-config="true" duration-ms="0" started-at="2014-12-16T07:31:23Z" finished-at="2014-12-16T07:31:23Z">
          <exception class="org.openqa.selenium.WebDriverException">
            <message>
              <![CDATA[Failed to connect to binary FirefoxBinary(C:\Program Files\Mozilla Firefox\firefox.exe) on port 7055; process output follows: 
1418695349875	addons.manager	DEBUG	Application has been upgraded
1418695350361	addons.manager	DEBUG	Loaded provider scope for resource://gre/modules/addons/XPIProvider.jsm: ["XPIProvider"]
1418695350364	addons.manager	DEBUG	Loaded provider scope for resource://gre/modules/LightweightThemeManager.jsm: ["LightweightThemeManager"]
1418695350399	addons.xpi	DEBUG	startup
1418695350401	addons.xpi	INFO	Mapping faststartff@gmail.com to C:\Users\hp\AppData\Roaming\Mozilla\Firefox\Profiles\lj499ow5.default\extensions\faststartff@gmail.com
1418695350453	addons.xpi	DEBUG	Skipping unavailable install location app-system-local
1418695350454	addons.xpi	DEBUG	Skipping unavailable install location app-system-share
1418695350455	addons.xpi	INFO	Mapping {972ce4c6-7e08-4474-a285-3208198ce6fd} to C:\Program Files\Mozilla Firefox\browser\extensions\{972ce4c6-7e08-4474-a285-3208198ce6fd}
1418695350556	addons.xpi	INFO	Mapping fxdriver@googlecode.com to C:\Users\hp\AppData\Local\Temp\anonymous1145149162888444411webdriver-profile\extensions\fxdriver@googlecode.com
1418695350561	addons.xpi	DEBUG	Ignoring file entry whose name is not a valid add-on ID: C:\Users\hp\AppData\Local\Temp\anonymous1145149162888444411webdriver-profile\extensions\webdriver-staging
1418695350563	addons.xpi	DEBUG	checkForChanges

Build info: version: '2.44.0', revision: '76d78cf323ce037c5f92db6c1bba601c2ac43ad8', time: '2014-10-23 13:11:40'
System info: host: 'hp-PC', ip: '103.240.171.97', os.name: 'Windows 7', os.arch: 'x86', os.version: '6.1', java.version: '1.7.0_71'
Driver info: driver.version: FirefoxDriver]]>
            </message>
            <full-stacktrace>
              <![CDATA[org.openqa.selenium.WebDriverException: Failed to connect to binary FirefoxBinary(C:\Program Files\Mozilla Firefox\firefox.exe) on port 7055; process output follows: 
1418695349875	addons.manager	DEBUG	Application has been upgraded
1418695350361	addons.manager	DEBUG	Loaded provider scope for resource://gre/modules/addons/XPIProvider.jsm: ["XPIProvider"]
1418695350364	addons.manager	DEBUG	Loaded provider scope for resource://gre/modules/LightweightThemeManager.jsm: ["LightweightThemeManager"]
1418695350399	addons.xpi	DEBUG	startup
1418695350401	addons.xpi	INFO	Mapping faststartff@gmail.com to C:\Users\hp\AppData\Roaming\Mozilla\Firefox\Profiles\lj499ow5.default\extensions\faststartff@gmail.com
1418695350453	addons.xpi	DEBUG	Skipping unavailable install location app-system-local
1418695350454	addons.xpi	DEBUG	Skipping unavailable install location app-system-share
1418695350455	addons.xpi	INFO	Mapping {972ce4c6-7e08-4474-a285-3208198ce6fd} to C:\Program Files\Mozilla Firefox\browser\extensions\{972ce4c6-7e08-4474-a285-3208198ce6fd}
1418695350556	addons.xpi	INFO	Mapping fxdriver@googlecode.com to C:\Users\hp\AppData\Local\Temp\anonymous1145149162888444411webdriver-profile\extensions\fxdriver@googlecode.com
1418695350561	addons.xpi	DEBUG	Ignoring file entry whose name is not a valid add-on ID: C:\Users\hp\AppData\Local\Temp\anonymous1145149162888444411webdriver-profile\extensions\webdriver-staging
1418695350563	addons.xpi	DEBUG	checkForChanges

Build info: version: '2.44.0', revision: '76d78cf323ce037c5f92db6c1bba601c2ac43ad8', time: '2014-10-23 13:11:40'
System info: host: 'hp-PC', ip: '103.240.171.97', os.name: 'Windows 7', os.arch: 'x86', os.version: '6.1', java.version: '1.7.0_71'
Driver info: driver.version: FirefoxDriver
	at org.openqa.selenium.firefox.internal.NewProfileExtensionConnection.start(NewProfileExtensionConnection.java:134)
	at org.openqa.selenium.firefox.FirefoxDriver.startClient(FirefoxDriver.java:246)
	at org.openqa.selenium.remote.RemoteWebDriver.<init>(RemoteWebDriver.java:114)
	at org.openqa.selenium.firefox.FirefoxDriver.<init>(FirefoxDriver.java:191)
	at org.openqa.selenium.firefox.FirefoxDriver.<init>(FirefoxDriver.java:186)
	at org.openqa.selenium.firefox.FirefoxDriver.<init>(FirefoxDriver.java:182)
	at org.openqa.selenium.firefox.FirefoxDriver.<init>(FirefoxDriver.java:95)
	at com.uiautomation.testscripts.LoginTest.Setup(LoginTest.java:26)
	at sun.reflect.NativeMethodAccessorImpl.invoke0(Native Method)
	at sun.reflect.NativeMethodAccessorImpl.invoke(Unknown Source)
	at sun.reflect.DelegatingMethodAccessorImpl.invoke(Unknown Source)
	at java.lang.reflect.Method.invoke(Unknown Source)
	at org.testng.internal.MethodInvocationHelper.invokeMethod(MethodInvocationHelper.java:80)
	at org.testng.internal.Invoker.invokeConfigurationMethod(Invoker.java:564)
	at org.testng.internal.Invoker.invokeConfigurations(Invoker.java:213)
	at org.testng.internal.Invoker.invokeConfigurations(Invoker.java:138)
	at org.testng.TestRunner.beforeRun(TestRunner.java:641)
	at org.testng.TestRunner.run(TestRunner.java:609)
	at org.testng.SuiteRunner.runTest(SuiteRunner.java:334)
	at org.testng.SuiteRunner.runSequentially(SuiteRunner.java:329)
	at org.testng.SuiteRunner.privateRun(SuiteRunner.java:291)
	at org.testng.SuiteRunner.run(SuiteRunner.java:240)
	at org.testng.SuiteRunnerWorker.runSuite(SuiteRunnerWorker.java:52)
	at org.testng.SuiteRunnerWorker.run(SuiteRunnerWorker.java:86)
	at org.testng.TestNG.runSuitesSequentially(TestNG.java:1198)
	at org.testng.TestNG.runSuitesLocally(TestNG.java:1123)
	at org.testng.TestNG.run(TestNG.java:1031)
	at org.apache.maven.surefire.testng.TestNGExecutor.run(TestNGExecutor.java:295)
	at org.apache.maven.surefire.testng.TestNGXmlTestSuite.execute(TestNGXmlTestSuite.java:84)
	at org.apache.maven.surefire.testng.TestNGProvider.invoke(TestNGProvider.java:90)
	at org.apache.maven.surefire.booter.ForkedBooter.invokeProviderInSameClassLoader(ForkedBooter.java:203)
	at org.apache.maven.surefire.booter.ForkedBooter.runSuitesInProcess(ForkedBooter.java:155)
	at org.apache.maven.surefire.booter.ForkedBooter.main(ForkedBooter.java:103)
Caused by: org.openqa.selenium.WebDriverException: java.lang.InterruptedException: Process timed out after waiting for 45000 ms.
Build info: version: '2.44.0', revision: '76d78cf323ce037c5f92db6c1bba601c2ac43ad8', time: '2014-10-23 13:11:40'
System info: host: 'hp-PC', ip: '103.240.171.97', os.name: 'Windows 7', os.arch: 'x86', os.version: '6.1', java.version: '1.7.0_71'
Driver info: driver.version: FirefoxDriver
	at org.openqa.selenium.os.CommandLine.waitFor(CommandLine.java:131)
	at org.openqa.selenium.firefox.FirefoxBinary.waitFor(FirefoxBinary.java:222)
	at org.openqa.selenium.firefox.FirefoxBinary.clean(FirefoxBinary.java:242)
	at org.openqa.selenium.firefox.internal.NewProfileExtensionConnection.start(NewProfileExtensionConnection.java:91)
	... 32 more
Caused by: java.lang.InterruptedException: Process timed out after waiting for 45000 ms.
	at org.openqa.selenium.os.UnixProcess.waitFor(UnixProcess.java:148)
	at org.openqa.selenium.os.CommandLine.waitFor(CommandLine.java:129)
	... 35 more
]]>
            </full-stacktrace>
          </exception> <!-- org.openqa.selenium.WebDriverException -->
          <reporter-output>
          </reporter-output>
        </test-method> <!-- Setup -->
        <test-method status="SKIP" signature="loginToDummyTest()[pri:0, instance:com.uiautomation.testscripts.LoginTest@11d5566]" name="loginToDummyTest" duration-ms="2" started-at="2014-12-16T07:32:32Z" description="Login to dummy site " finished-at="2014-12-16T07:32:32Z">
          <reporter-output>
          </reporter-output>
        </test-method> <!-- loginToDummyTest -->
        <test-method status="SKIP" signature="tearDown()[pri:0, instance:com.uiautomation.testscripts.LoginTest@11d5566]" name="tearDown" is-config="true" duration-ms="0" started-at="2014-12-16T07:32:32Z" finished-at="2014-12-16T07:32:32Z">
          <reporter-output>
          </reporter-output>
        </test-method> <!-- tearDown -->
      </class> <!-- com.uiautomation.testscripts.LoginTest -->
    </test> <!-- Test -->
  </suite> <!-- Suite -->
</testng-results>
